   1 0000               #
   2 0000               # @author Brendan Kapp (bek7883)
   3 0000               #
   4 0000               # All output is handled in this file
   5 0000               #
   6 0000               
   7 0000               PRINT_STRING = 4
   8 0000               PRINT_INT = 1
   9 0000               
  10 0000               #
  11 0000               # DATA
  12 0000               #
  13 0000               	.data
  14 0000               banner_text:
  15 0000 2B2D2D2D		.ascii	"+-------------+\n"
          2D2D2D2D
          2D2D2D2D
          2D2D2B0A
  16 0010 7C20464F		.ascii	"| FOREST FIRE |\n"
          52455354
          20464952
          45207C0A
  17 0020 2B2D2D2D		.asciiz	"+-------------+\n"
          2D2D2D2D
          2D2D2D2D
          2D2D2B0A
          00      
  18 0031               gen_banner1_text:
  19 0031 3D3D3D3D		.asciiz	"==== #"
          202300  
  20 0038               gen_banner2_text:
  21 0038 203D3D3D		.asciiz	" ====\n"
          3D0A00  
  22 003f               blank_line_text:
  23 003f 0A00    		.asciiz	"\n"
  24 0041               bar_text:
  25 0041 7C00    		.asciiz	"|"
  26 0043               plus_text:
  27 0043 2B00    		.asciiz	"+"
  28 0045               minus_text:
  29 0045 2D00    		.asciiz	"-"
  30 0047               error_text:
  31 0047 4500    		.asciiz	"E"
  32 0049               grass_text:
  33 0049 2E00    		.asciiz	"."
  34 004b               tree_text:
  35 004b 7400    		.asciiz	"t"
  36 004d               burning_text:
  37 004d 4200    		.asciiz	"B"
  38 004f               #
  39 004f               # CODE
  40 004f               #
  41 0000               	.text
  42 0000               	.align	2
  43 0000               	.globl	grid_get
  44 0000               	.globl	print_banner
  45 0000               	.globl	print_grid
  46 0000               #
  47 0000               # print the initial banner
  48 0000               # parameters: none
  49 0000               # returns: none
  50 0000               #
  51 0000               print_banner:
  52 0000 23BDFFFC		addi	$sp, $sp, -4
  53 0004 AFBF0000		sw	$ra, 0($sp)
  54 0008 34020004		li	$v0, PRINT_STRING
  55 000c 3C040000		la	$a0, banner_text
     0010 34840000
  56 0014 0000000C		syscall
  57 0018 0C00007A		jal	print_blank_line
  58 001c 8FBF0000		lw	$ra, 0($sp)
  59 0020 23BD0004		addi	$sp, $sp, 4
  60 0024 03E00008		jr	$ra
  61 0028               
  62 0028               #
  63 0028               # prints the initial gridx
  64 0028               # parameters: a0 (grid address), a1 (generation number), a2 (grid size)
  65 0028               # returns: none
  66 0028               #
  67 0028               print_grid:
  68 0028 23BDFFE4		addi	$sp, $sp, -28
  69 002c AFBF0018		sw	$ra, 24($sp)
  70 0030 AFB50014		sw	$s5, 20($sp)
  71 0034 AFB40010		sw	$s4, 16($sp)
  72 0038 AFB3000C		sw	$s3, 12($sp)
  73 003c AFB20008		sw	$s2, 8($sp)
  74 0040 AFB10004		sw	$s1, 4($sp)
  75 0044 AFB00000		sw	$s0, 0($sp)
  76 0048               					# print generation number banner
  77 0048 00808021		move	$s0, $a0
  78 004c 00A08821		move	$s1, $a1
  79 0050 00C09021		move	$s2, $a2
  80 0054 34020004		li	$v0, PRINT_STRING
  81 0058 3C040000		la	$a0, gen_banner1_text
     005c 34840000
  82 0060 0000000C		syscall
  83 0064               
  84 0064 34020001		li	$v0, PRINT_INT
  85 0068 02202021		move	$a0, $s1	
  86 006c 0000000C		syscall
  87 0070               
  88 0070 34020004		li	$v0, PRINT_STRING
  89 0074 3C040000		la	$a0, gen_banner2_text
     0078 34840000
  90 007c 0000000C		syscall
  91 0080               					# print grid	
  92 0080               			
  93 0080 34140000		li	$s4, 0			# x counter
  94 0084 2415FFFF		li	$s5, -1			# y counter
  95 0088               	
  96 0088 02402021		move	$a0, $s2
  97 008c 0C000046		jal	print_board_edge	
  98 0090               y_loop:
  99 0090 34140000		li	$s4, 0			# reset x counter
 100 0094 22B50001		addi	$s5, $s5, 1
 101 0098 12B20013		beq	$s5, $s2, finish
 102 009c               
 103 009c 34020004		li	$v0, PRINT_STRING
 104 00a0 3C040000		la	$a0, bar_text
     00a4 34840000
 105 00a8 0000000C		syscall
 106 00ac               x_loop:
 107 00ac 02802021		move	$a0, $s4
 108 00b0 02A02821		move	$a1, $s5
 109 00b4 0C000060		jal	print_value	
 110 00b8               
 111 00b8 22940001		addi	$s4, $s4, 1
 112 00bc 12920001		beq	$s4, $s2, y_loop_next
 113 00c0 0800002B		j	x_loop
 114 00c4               y_loop_next:
 115 00c4 34020004		li	$v0, PRINT_STRING
 116 00c8 3C040000		la	$a0, bar_text
     00cc 34840000
 117 00d0 0000000C		syscall
 118 00d4               
 119 00d4 34020004		li	$v0, PRINT_STRING
 120 00d8 3C040000		la	$a0, blank_line_text
     00dc 34840000
 121 00e0 0000000C		syscall
 122 00e4 08000024		j	y_loop
 123 00e8               finish:
 124 00e8               					# print blank line and finish
 125 00e8 02402021		move	$a0, $s2
 126 00ec 0C000046		jal	print_board_edge
 127 00f0 0C00007A		jal	print_blank_line
 128 00f4               	
 129 00f4 8FB00000		lw	$s0, 0($sp)
 130 00f8 8FB10004		lw	$s1, 4($sp)
 131 00fc 8FB20008		lw	$s2, 8($sp)
 132 0100 8FB3000C		lw	$s3, 12($sp)
 133 0104 8FB40010		lw	$s4, 16($sp)
 134 0108 8FB50014		lw	$s5, 20($sp)
 135 010c 8FBF0018		lw	$ra, 24($sp)
 136 0110 23BD001C		addi	$sp, $sp, 28
 137 0114 03E00008		jr	$ra
 138 0118               #
 139 0118               # prints the edge of the board, specifically the upper and lower edges
 140 0118               # formate: +------+ (with the number of minuses = grid size)
 141 0118               # parameters: a0 (how wide is the board)
 142 0118               # returns: none
 143 0118               #
 144 0118               print_board_edge:
 145 0118 23BDFFF4		addi	$sp, $sp, -12
 146 011c AFBF0008		sw	$ra, 8($sp)
 147 0120 AFA40004		sw	$a0, 4($sp)
 148 0124 AFB00000		sw	$s0, 0($sp)
 149 0128               
 150 0128 00808021		move	$s0, $a0
 151 012c 34020004		li	$v0, PRINT_STRING
 152 0130 3C040000		la	$a0, plus_text
     0134 34840000
 153 0138 0000000C		syscall
 154 013c               edge_loop:
 155 013c 34020004		li	$v0, PRINT_STRING
 156 0140 3C040000		la	$a0, minus_text
     0144 34840000
 157 0148 0000000C		syscall
 158 014c 2210FFFF		addi	$s0, $s0, -1
 159 0150 12000001		beq	$s0, $zero, finish_edge
 160 0154 0800004F		j	edge_loop
 161 0158               finish_edge:
 162 0158 34020004		li	$v0, PRINT_STRING
 163 015c 3C040000		la	$a0, plus_text
     0160 34840000
 164 0164 0000000C		syscall
 165 0168 0C00007A		jal	print_blank_line
 166 016c               
 167 016c 8FB00000		lw	$s0, 0($sp)
 168 0170 8FA40004		lw	$a0, 4($sp)
 169 0174 8FBF0008		lw	$ra, 8($sp)
 170 0178 23BD000C		addi	$sp, $sp, 12
 171 017c 03E00008		jr	$ra
 172 0180               
 173 0180               #
 174 0180               # prints the value at a specific (x, y) cordinate on the board
 175 0180               # parameters: a0 (x), a1 (y)
 176 0180               # returns: none
 177 0180               #
 178 0180               print_value:
 179 0180 23BDFFFC		addi	$sp, $sp, -4
 180 0184 AFBF0000		sw	$ra, 0($sp)
 181 0188               	
 182 0188 0C000000		jal	grid_get
 183 018c 00404021		move	$t0, $v0
 184 0190 34090001		li	$t1, 1
 185 0194 11090007		beq	$t0, $t1, print_grass
 186 0198 34090002		li	$t1, 2
 187 019c 11090008		beq	$t0, $t1, print_tree
 188 01a0 34090003		li	$t1, 3
 189 01a4 11090009		beq	$t0, $t1, print_burning
 190 01a8               print_error:
 191 01a8 3C040000		la	$a0, error_text
     01ac 34840000
 192 01b0 08000075		j	print_value_final
 193 01b4               print_grass:
 194 01b4 3C040000		la	$a0, grass_text
     01b8 34840000
 195 01bc 08000075		j	print_value_final
 196 01c0               print_tree:
 197 01c0 3C040000		la	$a0, tree_text
     01c4 34840000
 198 01c8 08000075		j	print_value_final
 199 01cc               print_burning:
 200 01cc 3C040000		la	$a0, burning_text
     01d0 34840000
 201 01d4               print_value_final:
 202 01d4 34020004		li	$v0, PRINT_STRING
 203 01d8 0000000C		syscall
 204 01dc               
 205 01dc 8FBF0000		lw	$ra, 0($sp)
 206 01e0 23BD0004		addi	$sp, $sp, 4	
 207 01e4 03E00008		jr	$ra
 208 01e8               	
 209 01e8               #
 210 01e8               # prints a blank line
 211 01e8               #
 212 01e8               print_blank_line:
 213 01e8 23BDFFFC		addi	$sp, $sp, -4
 214 01ec AFBF0000		sw	$ra, 0($sp)
 215 01f0               
 216 01f0 34020004		li	$v0, PRINT_STRING
 217 01f4 3C040000		la	$a0, blank_line_text
     01f8 34840000
 218 01fc 0000000C		syscall
 219 0200               
 220 0200 8FBF0000		lw	$ra, 0($sp)
 221 0204 23BD0004		addi	$sp, $sp, 4
 222 0208 03E00008		jr	$ra


PRINT_INT          = 00000001   
PRINT_STRING       = 00000004   
banner_text          00000000 R  data 
bar_text             00000041 R  data 
blank_line_text      0000003F R  data 
burning_text         0000004D R  data 
edge_loop            0000013C R  text 
error_text           00000047 R  data 
finish               000000E8 R  text 
finish_edge          00000158 R  text 
gen_banner1_text     00000031 R  data 
gen_banner2_text     00000038 R  data 
grass_text           00000049 R  data 
grid_get             ******** XG
minus_text           00000045 R  data 
plus_text            00000043 R  data 
print_banner         00000000 RG text 
print_blank_line     000001E8 R  text 
print_board_edge     00000118 R  text 
print_burning        000001CC R  text 
print_error          000001A8 R  text 
print_grass          000001B4 R  text 
print_grid           00000028 RG text 
print_tree           000001C0 R  text 
print_value          00000180 R  text 
print_value_final    000001D4 R  text 
tree_text            0000004B R  data 
x_loop               000000AC R  text 
y_loop               00000090 R  text 
y_loop_next          000000C4 R  text 
